<?xml version="1.0" encoding="UTF-8"?>
<!-- Generated by org.testng.reporters.JUnitReportReporter -->
<testsuite name="com.duoweidu.cases.hsq.opadmin.market_mtcnotifytpl_show_test" tests="1" time="0.111" ignored="13" failures="0" timestamp="22 Jul 2019 10:11:53 GMT" skipped="0" hostname="zuohuajiandeMacBook-Pro.local" errors="0">
  <testcase name="market_mtcnotifytpl_show_true" time="0.111" classname="com.duoweidu.cases.hsq.opadmin.market_mtcnotifytpl_show_test"/>
  <testcase name="order_submitorder_xinyong" classname="com.duoweidu.cases.hsq.openapi.order_submitorder_test">
    <skipped/>
  </testcase> <!-- order_submitorder_xinyong -->
  <testcase name="order_submitorder_activitePayPintuan2" classname="com.duoweidu.cases.hsq.openapi.order_submitorder_test">
    <skipped/>
  </testcase> <!-- order_submitorder_activitePayPintuan2 -->
  <testcase name="order_submitorder_activitrPintuanTrue" classname="com.duoweidu.cases.hsq.openapi.order_submitorder_test">
    <skipped/>
  </testcase> <!-- order_submitorder_activitrPintuanTrue -->
  <testcase name="order_submitorder_losePintuanTrue2" classname="com.duoweidu.cases.hsq.openapi.order_submitorder_test">
    <skipped/>
  </testcase> <!-- order_submitorder_losePintuanTrue2 -->
  <testcase name="order_submitorder_putongTrue" classname="com.duoweidu.cases.hsq.openapi.order_submitorder_test">
    <skipped/>
  </testcase> <!-- order_submitorder_putongTrue -->
  <testcase name="order_submitorder_dandugouTrue" classname="com.duoweidu.cases.hsq.openapi.order_submitorder_test">
    <skipped/>
  </testcase> <!-- order_submitorder_dandugouTrue -->
  <testcase name="order_submitorder_pintuanTrue" classname="com.duoweidu.cases.hsq.openapi.order_submitorder_test">
    <skipped/>
  </testcase> <!-- order_submitorder_pintuanTrue -->
  <testcase name="order_submitorder_activiteDiscountDandugou4" classname="com.duoweidu.cases.hsq.openapi.order_submitorder_test">
    <skipped/>
  </testcase> <!-- order_submitorder_activiteDiscountDandugou4 -->
  <testcase name="order_coupleorderinit_losePintuan235" classname="com.duoweidu.cases.hsq.openapi.order_coupleorderinit_test">
    <skipped/>
  </testcase> <!-- order_coupleorderinit_losePintuan235 -->
  <testcase name="product_coupleskudetail_lose2" classname="com.duoweidu.cases.hsq.openapi.product_coupleskudetail_test">
    <skipped/>
  </testcase> <!-- product_coupleskudetail_lose2 -->
  <testcase name="product_coupleskudetail_pay2345" classname="com.duoweidu.cases.hsq.openapi.product_coupleskudetail_test">
    <skipped/>
  </testcase> <!-- product_coupleskudetail_pay2345 -->
  <testcase name="orderOrderinitXinyonggou" classname="com.duoweidu.cases.hsq.openapi.order_orderinit_test">
    <skipped/>
  </testcase> <!-- orderOrderinitXinyonggou -->
  <testcase name="order_orderinit_putongTrue" classname="com.duoweidu.cases.hsq.openapi.order_orderinit_test">
    <skipped/>
  </testcase> <!-- order_orderinit_putongTrue -->
</testsuite> <!-- com.duoweidu.cases.hsq.opadmin.market_mtcnotifytpl_show_test -->
