<?xml version="1.0" encoding="UTF-8"?>
<!-- Generated by org.testng.reporters.JUnitReportReporter -->
<testsuite name="com.duoweidu.cases.hsq.openapi.order_coupleorderinit_test" tests="32" time="1.101" ignored="13" failures="0" timestamp="22 Jul 2019 10:11:54 GMT" skipped="0" hostname="zuohuajiandeMacBook-Pro.local" errors="0">
  <testcase name="order_coupleorderinit_loseDandugou2345" time="0.000" classname="com.duoweidu.cases.hsq.openapi.order_coupleorderinit_test"/>
  <testcase name="order_coupleorderinit_discountPintuan3" time="0.001" classname="com.duoweidu.cases.hsq.openapi.order_coupleorderinit_test"/>
  <testcase name="order_coupleorderinit_activiteDiscountDandugou4" time="0.000" classname="com.duoweidu.cases.hsq.openapi.order_coupleorderinit_test"/>
  <testcase name="order_coupleorderinit_activitePayPintuan3" time="0.000" classname="com.duoweidu.cases.hsq.openapi.order_coupleorderinit_test"/>
  <testcase name="order_coupleorderinit_activiteLosePintuan2" time="0.000" classname="com.duoweidu.cases.hsq.openapi.order_coupleorderinit_test"/>
  <testcase name="order_coupleorderinit_payPintuan2345" time="0.159" classname="com.duoweidu.cases.hsq.openapi.order_coupleorderinit_test"/>
  <testcase name="order_coupleorderinit_discountPintuan34" time="0.000" classname="com.duoweidu.cases.hsq.openapi.order_coupleorderinit_test"/>
  <testcase name="order_coupleorderinit_activiteDiscountPintuan5" time="0.000" classname="com.duoweidu.cases.hsq.openapi.order_coupleorderinit_test"/>
  <testcase name="order_coupleorderinit_activiteLoseDandugou2" time="0.000" classname="com.duoweidu.cases.hsq.openapi.order_coupleorderinit_test"/>
  <testcase name="order_coupleorderinit_activitePayPintuan2" time="0.000" classname="com.duoweidu.cases.hsq.openapi.order_coupleorderinit_test"/>
  <testcase name="order_coupleorderinit_payPintuan5" time="0.001" classname="com.duoweidu.cases.hsq.openapi.order_coupleorderinit_test"/>
  <testcase name="order_coupleorderinit_payPintuan25" time="0.000" classname="com.duoweidu.cases.hsq.openapi.order_coupleorderinit_test"/>
  <testcase name="order_coupleorderinit_activitiePintuanTrue" time="0.000" classname="com.duoweidu.cases.hsq.openapi.order_coupleorderinit_test"/>
  <testcase name="order_coupleorderinit_pintuanTrue" time="0.200" classname="com.duoweidu.cases.hsq.openapi.order_coupleorderinit_test"/>
  <testcase name="order_coupleorderinit_discountPintuan2345" time="0.000" classname="com.duoweidu.cases.hsq.openapi.order_coupleorderinit_test"/>
  <testcase name="order_coupleorderinit_losePintuan2" time="0.163" classname="com.duoweidu.cases.hsq.openapi.order_coupleorderinit_test"/>
  <testcase name="order_coupleorderinit_activiteLosePintuan4" time="0.001" classname="com.duoweidu.cases.hsq.openapi.order_coupleorderinit_test"/>
  <testcase name="order_coupleorderinit_activiteDiscountPintuan2" time="0.000" classname="com.duoweidu.cases.hsq.openapi.order_coupleorderinit_test"/>
  <testcase name="order_coupleorderinit_activiteLosePintuan3" time="0.000" classname="com.duoweidu.cases.hsq.openapi.order_coupleorderinit_test"/>
  <testcase name="order_coupleorderinit_payPintuan235" time="0.000" classname="com.duoweidu.cases.hsq.openapi.order_coupleorderinit_test"/>
  <testcase name="order_coupleorderinit_losePintuan23" time="0.000" classname="com.duoweidu.cases.hsq.openapi.order_coupleorderinit_test"/>
  <testcase name="order_coupleorderinit_activiteLosePintuan5" time="0.000" classname="com.duoweidu.cases.hsq.openapi.order_coupleorderinit_test"/>
  <testcase name="order_coupleorderinit_chouPintuanTrue" time="0.148" classname="com.duoweidu.cases.hsq.openapi.order_coupleorderinit_test"/>
  <testcase name="order_coupleorderinit_nolosePintuan2" time="0.000" classname="com.duoweidu.cases.hsq.openapi.order_coupleorderinit_test"/>
  <testcase name="order_coupleorderinit_dandugouTrue" time="0.130" classname="com.duoweidu.cases.hsq.openapi.order_coupleorderinit_test"/>
  <testcase name="order_coupleorderinit_discountDandugou245" time="0.000" classname="com.duoweidu.cases.hsq.openapi.order_coupleorderinit_test"/>
  <testcase name="order_coupleorderinit_activitePayPintuan5" time="0.000" classname="com.duoweidu.cases.hsq.openapi.order_coupleorderinit_test"/>
  <testcase name="order_coupleorderinit_discountPintuan35" time="0.161" classname="com.duoweidu.cases.hsq.openapi.order_coupleorderinit_test"/>
  <testcase name="order_coupleorderinit_losePintuan24" time="0.000" classname="com.duoweidu.cases.hsq.openapi.order_coupleorderinit_test"/>
  <testcase name="order_coupleorderinit_noPayPintuan2345" time="0.001" classname="com.duoweidu.cases.hsq.openapi.order_coupleorderinit_test"/>
  <testcase name="order_coupleorderinit_chouDandugouTrue" time="0.136" classname="com.duoweidu.cases.hsq.openapi.order_coupleorderinit_test"/>
  <testcase name="order_coupleorderinit_payDandugou45" time="0.000" classname="com.duoweidu.cases.hsq.openapi.order_coupleorderinit_test"/>
  <testcase name="order_submitorder_xinyong" classname="com.duoweidu.cases.hsq.openapi.order_submitorder_test">
    <skipped/>
  </testcase> <!-- order_submitorder_xinyong -->
  <testcase name="order_submitorder_activitePayPintuan2" classname="com.duoweidu.cases.hsq.openapi.order_submitorder_test">
    <skipped/>
  </testcase> <!-- order_submitorder_activitePayPintuan2 -->
  <testcase name="order_submitorder_activitrPintuanTrue" classname="com.duoweidu.cases.hsq.openapi.order_submitorder_test">
    <skipped/>
  </testcase> <!-- order_submitorder_activitrPintuanTrue -->
  <testcase name="order_submitorder_losePintuanTrue2" classname="com.duoweidu.cases.hsq.openapi.order_submitorder_test">
    <skipped/>
  </testcase> <!-- order_submitorder_losePintuanTrue2 -->
  <testcase name="order_submitorder_putongTrue" classname="com.duoweidu.cases.hsq.openapi.order_submitorder_test">
    <skipped/>
  </testcase> <!-- order_submitorder_putongTrue -->
  <testcase name="order_submitorder_dandugouTrue" classname="com.duoweidu.cases.hsq.openapi.order_submitorder_test">
    <skipped/>
  </testcase> <!-- order_submitorder_dandugouTrue -->
  <testcase name="order_submitorder_pintuanTrue" classname="com.duoweidu.cases.hsq.openapi.order_submitorder_test">
    <skipped/>
  </testcase> <!-- order_submitorder_pintuanTrue -->
  <testcase name="order_submitorder_activiteDiscountDandugou4" classname="com.duoweidu.cases.hsq.openapi.order_submitorder_test">
    <skipped/>
  </testcase> <!-- order_submitorder_activiteDiscountDandugou4 -->
  <testcase name="order_coupleorderinit_losePintuan235" classname="com.duoweidu.cases.hsq.openapi.order_coupleorderinit_test">
    <skipped/>
  </testcase> <!-- order_coupleorderinit_losePintuan235 -->
  <testcase name="product_coupleskudetail_lose2" classname="com.duoweidu.cases.hsq.openapi.product_coupleskudetail_test">
    <skipped/>
  </testcase> <!-- product_coupleskudetail_lose2 -->
  <testcase name="product_coupleskudetail_pay2345" classname="com.duoweidu.cases.hsq.openapi.product_coupleskudetail_test">
    <skipped/>
  </testcase> <!-- product_coupleskudetail_pay2345 -->
  <testcase name="orderOrderinitXinyonggou" classname="com.duoweidu.cases.hsq.openapi.order_orderinit_test">
    <skipped/>
  </testcase> <!-- orderOrderinitXinyonggou -->
  <testcase name="order_orderinit_putongTrue" classname="com.duoweidu.cases.hsq.openapi.order_orderinit_test">
    <skipped/>
  </testcase> <!-- order_orderinit_putongTrue -->
</testsuite> <!-- com.duoweidu.cases.hsq.openapi.order_coupleorderinit_test -->
